# JRE version: Java(TM) SE Runtime Environment (8.0_60-b27) (build 1.8.0_60-b27)
# Java VM: Java HotSpot(TM) 64-Bit Server VM (25.60-b23 mixed mode bsd-amd64 compressed oops)
Heap:
 PSYoungGen      total 302592K, used 212426K [0x000000076ab00000, 0x000000077f480000, 0x00000007c0000000)
  eden space 288256K, 68% used [0x000000076ab00000,0x0000000776cda728,0x000000077c480000)
  from space 14336K, 97% used [0x000000077e680000,0x000000077f418210,0x000000077f480000)
  to   space 18432K, 0% used [0x000000077d080000,0x000000077d080000,0x000000077e280000)
 ParOldGen       total 166912K, used 24178K [0x00000006c0000000, 0x00000006ca300000, 0x000000076ab00000)
  object space 166912K, 14% used [0x00000006c0000000,0x00000006c179c9b0,0x00000006ca300000)
 Metaspace       used 47123K, capacity 47758K, committed 48000K, reserved 1091584K
  class space    used 6102K, capacity 6269K, committed 6272K, reserved 1048576K
GC Heap History (10 events):
Event: 2.674 GC heap before
{Heap before GC invocations=6 (full 1):
 PSYoungGen      total 141824K, used 131072K [0x000000076ab00000, 0x0000000774000000, 0x00000007c0000000)
  eden space 131072K, 100% used [0x000000076ab00000,0x0000000772b00000,0x0000000772b00000)
  from space 10752K, 0% used [0x0000000773580000,0x0000000773580000,0x0000000774000000)
  to   space 10752K, 0% used [0x0000000772b00000,0x0000000772b00000,0x0000000773580000)
 ParOldGen       total 103424K, used 9184K [0x00000006c0000000, 0x00000006c6500000, 0x000000076ab00000)
  object space 103424K, 8% used [0x00000006c0000000,0x00000006c08f81c8,0x00000006c6500000)
 Metaspace       used 27112K, capacity 27550K, committed 27648K, reserved 1073152K
  class space    used 3440K, capacity 3546K, committed 3584K, reserved 1048576K
Event: 2.684 GC heap after
Heap after GC invocations=6 (full 1):
 PSYoungGen      total 141824K, used 10726K [0x000000076ab00000, 0x0000000778b00000, 0x00000007c0000000)
  eden space 131072K, 0% used [0x000000076ab00000,0x000000076ab00000,0x0000000772b00000)
  from space 10752K, 99% used [0x0000000772b00000,0x0000000773579888,0x0000000773580000)
  to   space 14336K, 0% used [0x0000000777d00000,0x0000000777d00000,0x0000000778b00000)
 ParOldGen       total 103424K, used 11899K [0x00000006c0000000, 0x00000006c6500000, 0x000000076ab00000)
  object space 103424K, 11% used [0x00000006c0000000,0x00000006c0b9eee8,0x00000006c6500000)
 Metaspace       used 27112K, capacity 27550K, committed 27648K, reserved 1073152K
  class space    used 3440K, capacity 3546K, committed 3584K, reserved 1048576K
}
Event: 3.251 GC heap before
{Heap before GC invocations=7 (full 1):
 PSYoungGen      total 141824K, used 141798K [0x000000076ab00000, 0x0000000778b00000, 0x00000007c0000000)
  eden space 131072K, 100% used [0x000000076ab00000,0x0000000772b00000,0x0000000772b00000)
  from space 10752K, 99% used [0x0000000772b00000,0x0000000773579888,0x0000000773580000)
  to   space 14336K, 0% used [0x0000000777d00000,0x0000000777d00000,0x0000000778b00000)
 ParOldGen       total 103424K, used 11899K [0x00000006c0000000, 0x00000006c6500000, 0x000000076ab00000)
  object space 103424K, 11% used [0x00000006c0000000,0x00000006c0b9eee8,0x00000006c6500000)
 Metaspace       used 30963K, capacity 31428K, committed 31744K, reserved 1077248K
  class space    used 3914K, capacity 4027K, committed 4096K, reserved 1048576K
Event: 3.262 GC heap after
Heap after GC invocations=7 (full 1):
 PSYoungGen      total 212992K, used 14333K [0x000000076ab00000, 0x0000000778d00000, 0x00000007c0000000)
  eden space 198656K, 0% used [0x000000076ab00000,0x000000076ab00000,0x0000000776d00000)
  from space 14336K, 99% used [0x0000000777d00000,0x0000000778aff7f0,0x0000000778b00000)
  to   space 16384K, 0% used [0x0000000776d00000,0x0000000776d00000,0x0000000777d00000)
 ParOldGen       total 103424K, used 12743K [0x00000006c0000000, 0x00000006c6500000, 0x000000076ab00000)
  object space 103424K, 12% used [0x00000006c0000000,0x00000006c0c71e50,0x00000006c6500000)
 Metaspace       used 30963K, capacity 31428K, committed 31744K, reserved 1077248K
  class space    used 3914K, capacity 4027K, committed 4096K, reserved 1048576K
}
Event: 3.630 GC heap before
{Heap before GC invocations=8 (full 1):
 PSYoungGen      total 212992K, used 62844K [0x000000076ab00000, 0x0000000778d00000, 0x00000007c0000000)
  eden space 198656K, 24% used [0x000000076ab00000,0x000000076da5fa60,0x0000000776d00000)
  from space 14336K, 99% used [0x0000000777d00000,0x0000000778aff7f0,0x0000000778b00000)
  to   space 16384K, 0% used [0x0000000776d00000,0x0000000776d00000,0x0000000777d00000)
 ParOldGen       total 103424K, used 12743K [0x00000006c0000000, 0x00000006c6500000, 0x000000076ab00000)
  object space 103424K, 12% used [0x00000006c0000000,0x00000006c0c71e50,0x00000006c6500000)
 Metaspace       used 34928K, capacity 35338K, committed 35496K, reserved 1081344K
  class space    used 4509K, capacity 4604K, committed 4608K, reserved 1048576K
Event: 3.642 GC heap after
Heap after GC invocations=8 (full 1):
 PSYoungGen      total 215040K, used 16367K [0x000000076ab00000, 0x000000077f880000, 0x00000007c0000000)
  eden space 198656K, 0% used [0x000000076ab00000,0x000000076ab00000,0x0000000776d00000)
  from space 16384K, 99% used [0x0000000776d00000,0x0000000777cfbff0,0x0000000777d00000)
  to   space 18432K, 0% used [0x000000077e680000,0x000000077e680000,0x000000077f880000)
 ParOldGen       total 103424K, used 12955K [0x00000006c0000000, 0x00000006c6500000, 0x000000076ab00000)
  object space 103424K, 12% used [0x00000006c0000000,0x00000006c0ca6f40,0x00000006c6500000)
 Metaspace       used 34928K, capacity 35338K, committed 35496K, reserved 1081344K
  class space    used 4509K, capacity 4604K, committed 4608K, reserved 1048576K
}
Event: 3.642 GC heap before
{Heap before GC invocations=9 (full 2):
 PSYoungGen      total 215040K, used 16367K [0x000000076ab00000, 0x000000077f880000, 0x00000007c0000000)
  eden space 198656K, 0% used [0x000000076ab00000,0x000000076ab00000,0x0000000776d00000)
  from space 16384K, 99% used [0x0000000776d00000,0x0000000777cfbff0,0x0000000777d00000)
  to   space 18432K, 0% used [0x000000077e680000,0x000000077e680000,0x000000077f880000)
 ParOldGen       total 103424K, used 12955K [0x00000006c0000000, 0x00000006c6500000, 0x000000076ab00000)
  object space 103424K, 12% used [0x00000006c0000000,0x00000006c0ca6f40,0x00000006c6500000)
 Metaspace       used 34928K, capacity 35338K, committed 35496K, reserved 1081344K
  class space    used 4509K, capacity 4604K, committed 4608K, reserved 1048576K
Event: 3.694 GC heap after
Heap after GC invocations=9 (full 2):
 PSYoungGen      total 215040K, used 0K [0x000000076ab00000, 0x000000077f880000, 0x00000007c0000000)
  eden space 198656K, 0% used [0x000000076ab00000,0x000000076ab00000,0x0000000776d00000)
  from space 16384K, 0% used [0x0000000776d00000,0x0000000776d00000,0x0000000777d00000)
  to   space 18432K, 0% used [0x000000077e680000,0x000000077e680000,0x000000077f880000)
 ParOldGen       total 166912K, used 24170K [0x00000006c0000000, 0x00000006ca300000, 0x000000076ab00000)
  object space 166912K, 14% used [0x00000006c0000000,0x00000006c179a9b0,0x00000006ca300000)
 Metaspace       used 34928K, capacity 35338K, committed 35496K, reserved 1081344K
  class space    used 4509K, capacity 4604K, committed 4608K, reserved 1048576K
}
Event: 5.373 GC heap before
{Heap before GC invocations=10 (full 2):
 PSYoungGen      total 215040K, used 198656K [0x000000076ab00000, 0x000000077f880000, 0x00000007c0000000)
  eden space 198656K, 100% used [0x000000076ab00000,0x0000000776d00000,0x0000000776d00000)
  from space 16384K, 0% used [0x0000000776d00000,0x0000000776d00000,0x0000000777d00000)
  to   space 18432K, 0% used [0x000000077e680000,0x000000077e680000,0x000000077f880000)
 ParOldGen       total 166912K, used 24170K [0x00000006c0000000, 0x00000006ca300000, 0x000000076ab00000)
  object space 166912K, 14% used [0x00000006c0000000,0x00000006c179a9b0,0x00000006ca300000)
 Metaspace       used 42056K, capacity 42530K, committed 42752K, reserved 1087488K
  class space    used 5512K, capacity 5616K, committed 5632K, reserved 1048576K
Event: 5.384 GC heap after
Heap after GC invocations=10 (full 2):
 PSYoungGen      total 302592K, used 13920K [0x000000076ab00000, 0x000000077f480000, 0x00000007c0000000)
  eden space 288256K, 0% used [0x000000076ab00000,0x000000076ab00000,0x000000077c480000)
  from space 14336K, 97% used [0x000000077e680000,0x000000077f418210,0x000000077f480000)
  to   space 18432K, 0% used [0x000000077d080000,0x000000077d080000,0x000000077e280000)
 ParOldGen       total 166912K, used 24178K [0x00000006c0000000, 0x00000006ca300000, 0x000000076ab00000)
  object space 166912K, 14% used [0x00000006c0000000,0x00000006c179c9b0,0x00000006ca300000)
 Metaspace       used 42056K, capacity 42530K, committed 42752K, reserved 1087488K
  class space    used 5512K, capacity 5616K, committed 5632K, reserved 1048576K
}

