# JRE version: Java(TM) SE Runtime Environment (8.0_60-b27) (build 1.8.0_60-b27)
# Java VM: Java HotSpot(TM) 64-Bit Server VM (25.60-b23 mixed mode bsd-amd64 compressed oops)
Heap:
 PSYoungGen      total 285184K, used 194283K [0x000000076ab00000, 0x0000000782a80000, 0x00000007c0000000)
  eden space 264704K, 66% used [0x000000076ab00000,0x000000077569ed18,0x000000077ad80000)
  from space 20480K, 90% used [0x000000077c400000,0x000000077d61bf08,0x000000077d800000)
  to   space 23040K, 0% used [0x000000077ad80000,0x000000077ad80000,0x000000077c400000)
 ParOldGen       total 201728K, used 26459K [0x00000006c0000000, 0x00000006cc500000, 0x000000076ab00000)
  object space 201728K, 13% used [0x00000006c0000000,0x00000006c19d6c88,0x00000006cc500000)
 Metaspace       used 49486K, capacity 50202K, committed 50432K, reserved 1093632K
  class space    used 6414K, capacity 6577K, committed 6656K, reserved 1048576K
GC Heap History (10 events):
Event: 1.668 GC heap before
{Heap before GC invocations=4 (full 1):
 PSYoungGen      total 141824K, used 10739K [0x000000076ab00000, 0x000000077c000000, 0x00000007c0000000)
  eden space 131072K, 0% used [0x000000076ab00000,0x000000076ab00000,0x0000000772b00000)
  from space 10752K, 99% used [0x0000000772b00000,0x000000077357cf20,0x0000000773580000)
  to   space 10752K, 0% used [0x000000077b580000,0x000000077b580000,0x000000077c000000)
 ParOldGen       total 175104K, used 1434K [0x00000006c0000000, 0x00000006cab00000, 0x000000076ab00000)
  object space 175104K, 0% used [0x00000006c0000000,0x00000006c01669e8,0x00000006cab00000)
 Metaspace       used 20790K, capacity 21156K, committed 21296K, reserved 1069056K
  class space    used 2573K, capacity 2667K, committed 2688K, reserved 1048576K
Event: 1.707 GC heap after
Heap after GC invocations=4 (full 1):
 PSYoungGen      total 141824K, used 0K [0x000000076ab00000, 0x000000077c000000, 0x00000007c0000000)
  eden space 131072K, 0% used [0x000000076ab00000,0x000000076ab00000,0x0000000772b00000)
  from space 10752K, 0% used [0x0000000772b00000,0x0000000772b00000,0x0000000773580000)
  to   space 10752K, 0% used [0x000000077b580000,0x000000077b580000,0x000000077c000000)
 ParOldGen       total 115200K, used 11792K [0x00000006c0000000, 0x00000006c7080000, 0x000000076ab00000)
  object space 115200K, 10% used [0x00000006c0000000,0x00000006c0b84060,0x00000006c7080000)
 Metaspace       used 20790K, capacity 21156K, committed 21296K, reserved 1069056K
  class space    used 2573K, capacity 2667K, committed 2688K, reserved 1048576K
}
Event: 2.560 GC heap before
{Heap before GC invocations=5 (full 1):
 PSYoungGen      total 141824K, used 131072K [0x000000076ab00000, 0x000000077c000000, 0x00000007c0000000)
  eden space 131072K, 100% used [0x000000076ab00000,0x0000000772b00000,0x0000000772b00000)
  from space 10752K, 0% used [0x0000000772b00000,0x0000000772b00000,0x0000000773580000)
  to   space 10752K, 0% used [0x000000077b580000,0x000000077b580000,0x000000077c000000)
 ParOldGen       total 115200K, used 11792K [0x00000006c0000000, 0x00000006c7080000, 0x000000076ab00000)
  object space 115200K, 10% used [0x00000006c0000000,0x00000006c0b84060,0x00000006c7080000)
 Metaspace       used 27182K, capacity 27614K, committed 27904K, reserved 1073152K
  class space    used 3445K, capacity 3546K, committed 3584K, reserved 1048576K
Event: 2.570 GC heap after
Heap after GC invocations=5 (full 1):
 PSYoungGen      total 197632K, used 10727K [0x000000076ab00000, 0x000000077c000000, 0x00000007c0000000)
  eden space 186880K, 0% used [0x000000076ab00000,0x000000076ab00000,0x0000000776180000)
  from space 10752K, 99% used [0x000000077b580000,0x000000077bff9ff8,0x000000077c000000)
  to   space 10752K, 0% used [0x000000077ab00000,0x000000077ab00000,0x000000077b580000)
 ParOldGen       total 115200K, used 14586K [0x00000006c0000000, 0x00000006c7080000, 0x000000076ab00000)
  object space 115200K, 12% used [0x00000006c0000000,0x00000006c0e3eb98,0x00000006c7080000)
 Metaspace       used 27182K, capacity 27614K, committed 27904K, reserved 1073152K
  class space    used 3445K, capacity 3546K, committed 3584K, reserved 1048576K
}
Event: 3.524 GC heap before
{Heap before GC invocations=6 (full 1):
 PSYoungGen      total 197632K, used 186957K [0x000000076ab00000, 0x000000077c000000, 0x00000007c0000000)
  eden space 186880K, 94% used [0x000000076ab00000,0x0000000775719610,0x0000000776180000)
  from space 10752K, 99% used [0x000000077b580000,0x000000077bff9ff8,0x000000077c000000)
  to   space 10752K, 0% used [0x000000077ab00000,0x000000077ab00000,0x000000077b580000)
 ParOldGen       total 115200K, used 14586K [0x00000006c0000000, 0x00000006c7080000, 0x000000076ab00000)
  object space 115200K, 12% used [0x00000006c0000000,0x00000006c0e3eb98,0x00000006c7080000)
 Metaspace       used 34937K, capacity 35338K, committed 35496K, reserved 1081344K
  class space    used 4507K, capacity 4604K, committed 4608K, reserved 1048576K
Event: 3.542 GC heap after
Heap after GC invocations=6 (full 1):
 PSYoungGen      total 272896K, used 10732K [0x000000076ab00000, 0x000000077d800000, 0x00000007c0000000)
  eden space 262144K, 0% used [0x000000076ab00000,0x000000076ab00000,0x000000077ab00000)
  from space 10752K, 99% used [0x000000077ab00000,0x000000077b57b2a0,0x000000077b580000)
  to   space 20480K, 0% used [0x000000077c400000,0x000000077c400000,0x000000077d800000)
 ParOldGen       total 115200K, used 23056K [0x00000006c0000000, 0x00000006c7080000, 0x000000076ab00000)
  object space 115200K, 20% used [0x00000006c0000000,0x00000006c1684218,0x00000006c7080000)
 Metaspace       used 34937K, capacity 35338K, committed 35496K, reserved 1081344K
  class space    used 4507K, capacity 4604K, committed 4608K, reserved 1048576K
}
Event: 3.542 GC heap before
{Heap before GC invocations=7 (full 2):
 PSYoungGen      total 272896K, used 10732K [0x000000076ab00000, 0x000000077d800000, 0x00000007c0000000)
  eden space 262144K, 0% used [0x000000076ab00000,0x000000076ab00000,0x000000077ab00000)
  from space 10752K, 99% used [0x000000077ab00000,0x000000077b57b2a0,0x000000077b580000)
  to   space 20480K, 0% used [0x000000077c400000,0x000000077c400000,0x000000077d800000)
 ParOldGen       total 115200K, used 23056K [0x00000006c0000000, 0x00000006c7080000, 0x000000076ab00000)
  object space 115200K, 20% used [0x00000006c0000000,0x00000006c1684218,0x00000006c7080000)
 Metaspace       used 34937K, capacity 35338K, committed 35496K, reserved 1081344K
  class space    used 4507K, capacity 4604K, committed 4608K, reserved 1048576K
Event: 3.616 GC heap after
Heap after GC invocations=7 (full 2):
 PSYoungGen      total 272896K, used 0K [0x000000076ab00000, 0x000000077d800000, 0x00000007c0000000)
  eden space 262144K, 0% used [0x000000076ab00000,0x000000076ab00000,0x000000077ab00000)
  from space 10752K, 0% used [0x000000077ab00000,0x000000077ab00000,0x000000077b580000)
  to   space 20480K, 0% used [0x000000077c400000,0x000000077c400000,0x000000077d800000)
 ParOldGen       total 201728K, used 26451K [0x00000006c0000000, 0x00000006cc500000, 0x000000076ab00000)
  object space 201728K, 13% used [0x00000006c0000000,0x00000006c19d4c88,0x00000006cc500000)
 Metaspace       used 34937K, capacity 35338K, committed 35496K, reserved 1081344K
  class space    used 4507K, capacity 4604K, committed 4608K, reserved 1048576K
}
Event: 5.728 GC heap before
{Heap before GC invocations=8 (full 2):
 PSYoungGen      total 272896K, used 262144K [0x000000076ab00000, 0x000000077d800000, 0x00000007c0000000)
  eden space 262144K, 100% used [0x000000076ab00000,0x000000077ab00000,0x000000077ab00000)
  from space 10752K, 0% used [0x000000077ab00000,0x000000077ab00000,0x000000077b580000)
  to   space 20480K, 0% used [0x000000077c400000,0x000000077c400000,0x000000077d800000)
 ParOldGen       total 201728K, used 26451K [0x00000006c0000000, 0x00000006cc500000, 0x000000076ab00000)
  object space 201728K, 13% used [0x00000006c0000000,0x00000006c19d4c88,0x00000006cc500000)
 Metaspace       used 44190K, capacity 44782K, committed 45056K, reserved 1089536K
  class space    used 5714K, capacity 5867K, committed 5888K, reserved 1048576K
Event: 5.743 GC heap after
Heap after GC invocations=8 (full 2):
 PSYoungGen      total 285184K, used 18543K [0x000000076ab00000, 0x0000000782a80000, 0x00000007c0000000)
  eden space 264704K, 0% used [0x000000076ab00000,0x000000076ab00000,0x000000077ad80000)
  from space 20480K, 90% used [0x000000077c400000,0x000000077d61bf08,0x000000077d800000)
  to   space 23040K, 0% used [0x000000077ad80000,0x000000077ad80000,0x000000077c400000)
 ParOldGen       total 201728K, used 26459K [0x00000006c0000000, 0x00000006cc500000, 0x000000076ab00000)
  object space 201728K, 13% used [0x00000006c0000000,0x00000006c19d6c88,0x00000006cc500000)
 Metaspace       used 44190K, capacity 44782K, committed 45056K, reserved 1089536K
  class space    used 5714K, capacity 5867K, committed 5888K, reserved 1048576K
}

