# JRE version: Java(TM) SE Runtime Environment (8.0_60-b27) (build 1.8.0_60-b27)
# Java VM: Java HotSpot(TM) 64-Bit Server VM (25.60-b23 mixed mode bsd-amd64 compressed oops)
Heap:
 PSYoungGen      total 285696K, used 194953K [0x000000076ab00000, 0x0000000782900000, 0x00000007c0000000)
  eden space 265216K, 66% used [0x000000076ab00000,0x0000000775746760,0x000000077ae00000)
  from space 20480K, 90% used [0x000000077c480000,0x000000077d69bd90,0x000000077d880000)
  to   space 23040K, 0% used [0x000000077ae00000,0x000000077ae00000,0x000000077c480000)
 ParOldGen       total 201728K, used 26520K [0x00000006c0000000, 0x00000006cc500000, 0x000000076ab00000)
  object space 201728K, 13% used [0x00000006c0000000,0x00000006c19e6248,0x00000006cc500000)
 Metaspace       used 49450K, capacity 50146K, committed 50432K, reserved 1093632K
  class space    used 6409K, capacity 6569K, committed 6656K, reserved 1048576K
GC Heap History (10 events):
Event: 1.642 GC heap before
{Heap before GC invocations=4 (full 1):
 PSYoungGen      total 141824K, used 10745K [0x000000076ab00000, 0x000000077c000000, 0x00000007c0000000)
  eden space 131072K, 0% used [0x000000076ab00000,0x000000076ab00000,0x0000000772b00000)
  from space 10752K, 99% used [0x0000000772b00000,0x000000077357e708,0x0000000773580000)
  to   space 10752K, 0% used [0x000000077b580000,0x000000077b580000,0x000000077c000000)
 ParOldGen       total 175104K, used 1401K [0x00000006c0000000, 0x00000006cab00000, 0x000000076ab00000)
  object space 175104K, 0% used [0x00000006c0000000,0x00000006c015e7b8,0x00000006cab00000)
 Metaspace       used 20803K, capacity 21156K, committed 21296K, reserved 1069056K
  class space    used 2573K, capacity 2667K, committed 2688K, reserved 1048576K
Event: 1.678 GC heap after
Heap after GC invocations=4 (full 1):
 PSYoungGen      total 141824K, used 0K [0x000000076ab00000, 0x000000077c000000, 0x00000007c0000000)
  eden space 131072K, 0% used [0x000000076ab00000,0x000000076ab00000,0x0000000772b00000)
  from space 10752K, 0% used [0x0000000772b00000,0x0000000772b00000,0x0000000773580000)
  to   space 10752K, 0% used [0x000000077b580000,0x000000077b580000,0x000000077c000000)
 ParOldGen       total 114688K, used 11754K [0x00000006c0000000, 0x00000006c7000000, 0x000000076ab00000)
  object space 114688K, 10% used [0x00000006c0000000,0x00000006c0b7a918,0x00000006c7000000)
 Metaspace       used 20803K, capacity 21156K, committed 21296K, reserved 1069056K
  class space    used 2573K, capacity 2667K, committed 2688K, reserved 1048576K
}
Event: 2.576 GC heap before
{Heap before GC invocations=5 (full 1):
 PSYoungGen      total 141824K, used 131072K [0x000000076ab00000, 0x000000077c000000, 0x00000007c0000000)
  eden space 131072K, 100% used [0x000000076ab00000,0x0000000772b00000,0x0000000772b00000)
  from space 10752K, 0% used [0x0000000772b00000,0x0000000772b00000,0x0000000773580000)
  to   space 10752K, 0% used [0x000000077b580000,0x000000077b580000,0x000000077c000000)
 ParOldGen       total 114688K, used 11754K [0x00000006c0000000, 0x00000006c7000000, 0x000000076ab00000)
  object space 114688K, 10% used [0x00000006c0000000,0x00000006c0b7a918,0x00000006c7000000)
 Metaspace       used 27151K, capacity 27550K, committed 27648K, reserved 1073152K
  class space    used 3449K, capacity 3546K, committed 3584K, reserved 1048576K
Event: 2.586 GC heap after
Heap after GC invocations=5 (full 1):
 PSYoungGen      total 198656K, used 10738K [0x000000076ab00000, 0x000000077c000000, 0x00000007c0000000)
  eden space 187904K, 0% used [0x000000076ab00000,0x000000076ab00000,0x0000000776280000)
  from space 10752K, 99% used [0x000000077b580000,0x000000077bffc9d8,0x000000077c000000)
  to   space 10752K, 0% used [0x000000077ab00000,0x000000077ab00000,0x000000077b580000)
 ParOldGen       total 114688K, used 14483K [0x00000006c0000000, 0x00000006c7000000, 0x000000076ab00000)
  object space 114688K, 12% used [0x00000006c0000000,0x00000006c0e24d18,0x00000006c7000000)
 Metaspace       used 27151K, capacity 27550K, committed 27648K, reserved 1073152K
  class space    used 3449K, capacity 3546K, committed 3584K, reserved 1048576K
}
Event: 3.544 GC heap before
{Heap before GC invocations=6 (full 1):
 PSYoungGen      total 198656K, used 190329K [0x000000076ab00000, 0x000000077c000000, 0x00000007c0000000)
  eden space 187904K, 95% used [0x000000076ab00000,0x0000000775a61d48,0x0000000776280000)
  from space 10752K, 99% used [0x000000077b580000,0x000000077bffc9d8,0x000000077c000000)
  to   space 10752K, 0% used [0x000000077ab00000,0x000000077ab00000,0x000000077b580000)
 ParOldGen       total 114688K, used 14483K [0x00000006c0000000, 0x00000006c7000000, 0x000000076ab00000)
  object space 114688K, 12% used [0x00000006c0000000,0x00000006c0e24d18,0x00000006c7000000)
 Metaspace       used 34942K, capacity 35338K, committed 35496K, reserved 1081344K
  class space    used 4507K, capacity 4604K, committed 4608K, reserved 1048576K
Event: 3.558 GC heap after
Heap after GC invocations=6 (full 1):
 PSYoungGen      total 272896K, used 10733K [0x000000076ab00000, 0x000000077d880000, 0x00000007c0000000)
  eden space 262144K, 0% used [0x000000076ab00000,0x000000076ab00000,0x000000077ab00000)
  from space 10752K, 99% used [0x000000077ab00000,0x000000077b57b720,0x000000077b580000)
  to   space 20480K, 0% used [0x000000077c480000,0x000000077c480000,0x000000077d880000)
 ParOldGen       total 114688K, used 22996K [0x00000006c0000000, 0x00000006c7000000, 0x000000076ab00000)
  object space 114688K, 20% used [0x00000006c0000000,0x00000006c1675058,0x00000006c7000000)
 Metaspace       used 34942K, capacity 35338K, committed 35496K, reserved 1081344K
  class space    used 4507K, capacity 4604K, committed 4608K, reserved 1048576K
}
Event: 3.558 GC heap before
{Heap before GC invocations=7 (full 2):
 PSYoungGen      total 272896K, used 10733K [0x000000076ab00000, 0x000000077d880000, 0x00000007c0000000)
  eden space 262144K, 0% used [0x000000076ab00000,0x000000076ab00000,0x000000077ab00000)
  from space 10752K, 99% used [0x000000077ab00000,0x000000077b57b720,0x000000077b580000)
  to   space 20480K, 0% used [0x000000077c480000,0x000000077c480000,0x000000077d880000)
 ParOldGen       total 114688K, used 22996K [0x00000006c0000000, 0x00000006c7000000, 0x000000076ab00000)
  object space 114688K, 20% used [0x00000006c0000000,0x00000006c1675058,0x00000006c7000000)
 Metaspace       used 34942K, capacity 35338K, committed 35496K, reserved 1081344K
  class space    used 4507K, capacity 4604K, committed 4608K, reserved 1048576K
Event: 3.632 GC heap after
Heap after GC invocations=7 (full 2):
 PSYoungGen      total 272896K, used 0K [0x000000076ab00000, 0x000000077d880000, 0x00000007c0000000)
  eden space 262144K, 0% used [0x000000076ab00000,0x000000076ab00000,0x000000077ab00000)
  from space 10752K, 0% used [0x000000077ab00000,0x000000077ab00000,0x000000077b580000)
  to   space 20480K, 0% used [0x000000077c480000,0x000000077c480000,0x000000077d880000)
 ParOldGen       total 201728K, used 26512K [0x00000006c0000000, 0x00000006cc500000, 0x000000076ab00000)
  object space 201728K, 13% used [0x00000006c0000000,0x00000006c19e4248,0x00000006cc500000)
 Metaspace       used 34942K, capacity 35338K, committed 35496K, reserved 1081344K
  class space    used 4507K, capacity 4604K, committed 4608K, reserved 1048576K
}
Event: 5.848 GC heap before
{Heap before GC invocations=8 (full 2):
 PSYoungGen      total 272896K, used 262144K [0x000000076ab00000, 0x000000077d880000, 0x00000007c0000000)
  eden space 262144K, 100% used [0x000000076ab00000,0x000000077ab00000,0x000000077ab00000)
  from space 10752K, 0% used [0x000000077ab00000,0x000000077ab00000,0x000000077b580000)
  to   space 20480K, 0% used [0x000000077c480000,0x000000077c480000,0x000000077d880000)
 ParOldGen       total 201728K, used 26512K [0x00000006c0000000, 0x00000006cc500000, 0x000000076ab00000)
  object space 201728K, 13% used [0x00000006c0000000,0x00000006c19e4248,0x00000006cc500000)
 Metaspace       used 44170K, capacity 44718K, committed 45056K, reserved 1089536K
  class space    used 5709K, capacity 5867K, committed 5888K, reserved 1048576K
Event: 5.864 GC heap after
Heap after GC invocations=8 (full 2):
 PSYoungGen      total 285696K, used 18543K [0x000000076ab00000, 0x0000000782900000, 0x00000007c0000000)
  eden space 265216K, 0% used [0x000000076ab00000,0x000000076ab00000,0x000000077ae00000)
  from space 20480K, 90% used [0x000000077c480000,0x000000077d69bd90,0x000000077d880000)
  to   space 23040K, 0% used [0x000000077ae00000,0x000000077ae00000,0x000000077c480000)
 ParOldGen       total 201728K, used 26520K [0x00000006c0000000, 0x00000006cc500000, 0x000000076ab00000)
  object space 201728K, 13% used [0x00000006c0000000,0x00000006c19e6248,0x00000006cc500000)
 Metaspace       used 44170K, capacity 44718K, committed 45056K, reserved 1089536K
  class space    used 5709K, capacity 5867K, committed 5888K, reserved 1048576K
}

