# JRE version: Java(TM) SE Runtime Environment (8.0_60-b27) (build 1.8.0_60-b27)
# Java VM: Java HotSpot(TM) 64-Bit Server VM (25.60-b23 mixed mode bsd-amd64 compressed oops)
Heap:
 PSYoungGen      total 306176K, used 228973K [0x000000076ab00000, 0x000000077f600000, 0x00000007c0000000)
  eden space 292352K, 73% used [0x000000076ab00000,0x0000000777d7a548,0x000000077c880000)
  from space 13824K, 97% used [0x000000077e880000,0x000000077f5a0fb0,0x000000077f600000)
  to   space 18432K, 0% used [0x000000077d200000,0x000000077d200000,0x000000077e400000)
 ParOldGen       total 164352K, used 23959K [0x00000006c0000000, 0x00000006ca080000, 0x000000076ab00000)
  object space 164352K, 14% used [0x00000006c0000000,0x00000006c1765ce0,0x00000006ca080000)
 Metaspace       used 48417K, capacity 48986K, committed 49280K, reserved 1091584K
  class space    used 6262K, capacity 6407K, committed 6528K, reserved 1048576K
GC Heap History (10 events):
Event: 2.630 GC heap before
{Heap before GC invocations=6 (full 1):
 PSYoungGen      total 141824K, used 131072K [0x000000076ab00000, 0x0000000774000000, 0x00000007c0000000)
  eden space 131072K, 100% used [0x000000076ab00000,0x0000000772b00000,0x0000000772b00000)
  from space 10752K, 0% used [0x0000000773580000,0x0000000773580000,0x0000000774000000)
  to   space 10752K, 0% used [0x0000000772b00000,0x0000000772b00000,0x0000000773580000)
 ParOldGen       total 102400K, used 8913K [0x00000006c0000000, 0x00000006c6400000, 0x000000076ab00000)
  object space 102400K, 8% used [0x00000006c0000000,0x00000006c08b4670,0x00000006c6400000)
 Metaspace       used 27128K, capacity 27550K, committed 27648K, reserved 1073152K
  class space    used 3439K, capacity 3546K, committed 3584K, reserved 1048576K
Event: 2.640 GC heap after
Heap after GC invocations=6 (full 1):
 PSYoungGen      total 141824K, used 10726K [0x000000076ab00000, 0x0000000778b00000, 0x00000007c0000000)
  eden space 131072K, 0% used [0x000000076ab00000,0x000000076ab00000,0x0000000772b00000)
  from space 10752K, 99% used [0x0000000772b00000,0x00000007735799f8,0x0000000773580000)
  to   space 13824K, 0% used [0x0000000777d80000,0x0000000777d80000,0x0000000778b00000)
 ParOldGen       total 102400K, used 11581K [0x00000006c0000000, 0x00000006c6400000, 0x000000076ab00000)
  object space 102400K, 11% used [0x00000006c0000000,0x00000006c0b4f7e8,0x00000006c6400000)
 Metaspace       used 27128K, capacity 27550K, committed 27648K, reserved 1073152K
  class space    used 3439K, capacity 3546K, committed 3584K, reserved 1048576K
}
Event: 3.213 GC heap before
{Heap before GC invocations=7 (full 1):
 PSYoungGen      total 141824K, used 141798K [0x000000076ab00000, 0x0000000778b00000, 0x00000007c0000000)
  eden space 131072K, 100% used [0x000000076ab00000,0x0000000772b00000,0x0000000772b00000)
  from space 10752K, 99% used [0x0000000772b00000,0x00000007735799f8,0x0000000773580000)
  to   space 13824K, 0% used [0x0000000777d80000,0x0000000777d80000,0x0000000778b00000)
 ParOldGen       total 102400K, used 11581K [0x00000006c0000000, 0x00000006c6400000, 0x000000076ab00000)
  object space 102400K, 11% used [0x00000006c0000000,0x00000006c0b4f7e8,0x00000006c6400000)
 Metaspace       used 31105K, capacity 31524K, committed 31744K, reserved 1077248K
  class space    used 3949K, capacity 4059K, committed 4096K, reserved 1048576K
Event: 3.224 GC heap after
Heap after GC invocations=7 (full 1):
 PSYoungGen      total 212992K, used 13796K [0x000000076ab00000, 0x0000000778d80000, 0x00000007c0000000)
  eden space 199168K, 0% used [0x000000076ab00000,0x000000076ab00000,0x0000000776d80000)
  from space 13824K, 99% used [0x0000000777d80000,0x0000000778af9388,0x0000000778b00000)
  to   space 16384K, 0% used [0x0000000776d80000,0x0000000776d80000,0x0000000777d80000)
 ParOldGen       total 102400K, used 13003K [0x00000006c0000000, 0x00000006c6400000, 0x000000076ab00000)
  object space 102400K, 12% used [0x00000006c0000000,0x00000006c0cb2c28,0x00000006c6400000)
 Metaspace       used 31105K, capacity 31524K, committed 31744K, reserved 1077248K
  class space    used 3949K, capacity 4059K, committed 4096K, reserved 1048576K
}
Event: 3.593 GC heap before
{Heap before GC invocations=8 (full 1):
 PSYoungGen      total 212992K, used 62409K [0x000000076ab00000, 0x0000000778d80000, 0x00000007c0000000)
  eden space 199168K, 24% used [0x000000076ab00000,0x000000076da79340,0x0000000776d80000)
  from space 13824K, 99% used [0x0000000777d80000,0x0000000778af9388,0x0000000778b00000)
  to   space 16384K, 0% used [0x0000000776d80000,0x0000000776d80000,0x0000000777d80000)
 ParOldGen       total 102400K, used 13003K [0x00000006c0000000, 0x00000006c6400000, 0x000000076ab00000)
  object space 102400K, 12% used [0x00000006c0000000,0x00000006c0cb2c28,0x00000006c6400000)
 Metaspace       used 34940K, capacity 35338K, committed 35496K, reserved 1081344K
  class space    used 4507K, capacity 4604K, committed 4608K, reserved 1048576K
Event: 3.604 GC heap after
Heap after GC invocations=8 (full 1):
 PSYoungGen      total 215552K, used 16366K [0x000000076ab00000, 0x000000077fa80000, 0x00000007c0000000)
  eden space 199168K, 0% used [0x000000076ab00000,0x000000076ab00000,0x0000000776d80000)
  from space 16384K, 99% used [0x0000000776d80000,0x0000000777d7bbd0,0x0000000777d80000)
  to   space 18432K, 0% used [0x000000077e880000,0x000000077e880000,0x000000077fa80000)
 ParOldGen       total 102400K, used 13138K [0x00000006c0000000, 0x00000006c6400000, 0x000000076ab00000)
  object space 102400K, 12% used [0x00000006c0000000,0x00000006c0cd4978,0x00000006c6400000)
 Metaspace       used 34940K, capacity 35338K, committed 35496K, reserved 1081344K
  class space    used 4507K, capacity 4604K, committed 4608K, reserved 1048576K
}
Event: 3.604 GC heap before
{Heap before GC invocations=9 (full 2):
 PSYoungGen      total 215552K, used 16366K [0x000000076ab00000, 0x000000077fa80000, 0x00000007c0000000)
  eden space 199168K, 0% used [0x000000076ab00000,0x000000076ab00000,0x0000000776d80000)
  from space 16384K, 99% used [0x0000000776d80000,0x0000000777d7bbd0,0x0000000777d80000)
  to   space 18432K, 0% used [0x000000077e880000,0x000000077e880000,0x000000077fa80000)
 ParOldGen       total 102400K, used 13138K [0x00000006c0000000, 0x00000006c6400000, 0x000000076ab00000)
  object space 102400K, 12% used [0x00000006c0000000,0x00000006c0cd4978,0x00000006c6400000)
 Metaspace       used 34940K, capacity 35338K, committed 35496K, reserved 1081344K
  class space    used 4507K, capacity 4604K, committed 4608K, reserved 1048576K
Event: 3.650 GC heap after
Heap after GC invocations=9 (full 2):
 PSYoungGen      total 215552K, used 0K [0x000000076ab00000, 0x000000077fa80000, 0x00000007c0000000)
  eden space 199168K, 0% used [0x000000076ab00000,0x000000076ab00000,0x0000000776d80000)
  from space 16384K, 0% used [0x0000000776d80000,0x0000000776d80000,0x0000000777d80000)
  to   space 18432K, 0% used [0x000000077e880000,0x000000077e880000,0x000000077fa80000)
 ParOldGen       total 164352K, used 23951K [0x00000006c0000000, 0x00000006ca080000, 0x000000076ab00000)
  object space 164352K, 14% used [0x00000006c0000000,0x00000006c1763ce0,0x00000006ca080000)
 Metaspace       used 34940K, capacity 35338K, committed 35496K, reserved 1081344K
  class space    used 4507K, capacity 4604K, committed 4608K, reserved 1048576K
}
Event: 5.412 GC heap before
{Heap before GC invocations=10 (full 2):
 PSYoungGen      total 215552K, used 199168K [0x000000076ab00000, 0x000000077fa80000, 0x00000007c0000000)
  eden space 199168K, 100% used [0x000000076ab00000,0x0000000776d80000,0x0000000776d80000)
  from space 16384K, 0% used [0x0000000776d80000,0x0000000776d80000,0x0000000777d80000)
  to   space 18432K, 0% used [0x000000077e880000,0x000000077e880000,0x000000077fa80000)
 ParOldGen       total 164352K, used 23951K [0x00000006c0000000, 0x00000006ca080000, 0x000000076ab00000)
  object space 164352K, 14% used [0x00000006c0000000,0x00000006c1763ce0,0x00000006ca080000)
 Metaspace       used 41811K, capacity 42282K, committed 42496K, reserved 1085440K
  class space    used 5466K, capacity 5580K, committed 5632K, reserved 1048576K
Event: 5.422 GC heap after
Heap after GC invocations=10 (full 2):
 PSYoungGen      total 306176K, used 13443K [0x000000076ab00000, 0x000000077f600000, 0x00000007c0000000)
  eden space 292352K, 0% used [0x000000076ab00000,0x000000076ab00000,0x000000077c880000)
  from space 13824K, 97% used [0x000000077e880000,0x000000077f5a0fb0,0x000000077f600000)
  to   space 18432K, 0% used [0x000000077d200000,0x000000077d200000,0x000000077e400000)
 ParOldGen       total 164352K, used 23959K [0x00000006c0000000, 0x00000006ca080000, 0x000000076ab00000)
  object space 164352K, 14% used [0x00000006c0000000,0x00000006c1765ce0,0x00000006ca080000)
 Metaspace       used 41811K, capacity 42282K, committed 42496K, reserved 1085440K
  class space    used 5466K, capacity 5580K, committed 5632K, reserved 1048576K
}

