# JRE version: Java(TM) SE Runtime Environment (8.0_60-b27) (build 1.8.0_60-b27)
# Java VM: Java HotSpot(TM) 64-Bit Server VM (25.60-b23 mixed mode bsd-amd64 compressed oops)
Heap:
 PSYoungGen      total 302080K, used 259892K [0x000000076ab00000, 0x000000077ed80000, 0x00000007c0000000)
  eden space 288768K, 85% used [0x000000076ab00000,0x0000000779bd1a48,0x000000077c500000)
  from space 13312K, 99% used [0x000000077e080000,0x000000077ed7b800,0x000000077ed80000)
  to   space 18432K, 0% used [0x000000077c980000,0x000000077c980000,0x000000077db80000)
 ParOldGen       total 165888K, used 24045K [0x00000006c0000000, 0x00000006ca200000, 0x000000076ab00000)
  object space 165888K, 14% used [0x00000006c0000000,0x00000006c177b698,0x00000006ca200000)
 Metaspace       used 50035K, capacity 50742K, committed 50944K, reserved 1093632K
  class space    used 6430K, capacity 6595K, committed 6656K, reserved 1048576K
GC Heap History (10 events):
Event: 2.553 GC heap before
{Heap before GC invocations=6 (full 1):
 PSYoungGen      total 141824K, used 131072K [0x000000076ab00000, 0x0000000774000000, 0x00000007c0000000)
  eden space 131072K, 100% used [0x000000076ab00000,0x0000000772b00000,0x0000000772b00000)
  from space 10752K, 0% used [0x0000000773580000,0x0000000773580000,0x0000000774000000)
  to   space 10752K, 0% used [0x0000000772b00000,0x0000000772b00000,0x0000000773580000)
 ParOldGen       total 103424K, used 8932K [0x00000006c0000000, 0x00000006c6500000, 0x000000076ab00000)
  object space 103424K, 8% used [0x00000006c0000000,0x00000006c08b9280,0x00000006c6500000)
 Metaspace       used 26995K, capacity 27422K, committed 27648K, reserved 1073152K
  class space    used 3421K, capacity 3546K, committed 3584K, reserved 1048576K
Event: 2.563 GC heap after
Heap after GC invocations=6 (full 1):
 PSYoungGen      total 141824K, used 10746K [0x000000076ab00000, 0x0000000778900000, 0x00000007c0000000)
  eden space 131072K, 0% used [0x000000076ab00000,0x000000076ab00000,0x0000000772b00000)
  from space 10752K, 99% used [0x0000000772b00000,0x000000077357e948,0x0000000773580000)
  to   space 13824K, 0% used [0x0000000777b80000,0x0000000777b80000,0x0000000778900000)
 ParOldGen       total 103424K, used 11402K [0x00000006c0000000, 0x00000006c6500000, 0x000000076ab00000)
  object space 103424K, 11% used [0x00000006c0000000,0x00000006c0b22b48,0x00000006c6500000)
 Metaspace       used 26995K, capacity 27422K, committed 27648K, reserved 1073152K
  class space    used 3421K, capacity 3546K, committed 3584K, reserved 1048576K
}
Event: 3.151 GC heap before
{Heap before GC invocations=7 (full 1):
 PSYoungGen      total 141824K, used 141818K [0x000000076ab00000, 0x0000000778900000, 0x00000007c0000000)
  eden space 131072K, 100% used [0x000000076ab00000,0x0000000772b00000,0x0000000772b00000)
  from space 10752K, 99% used [0x0000000772b00000,0x000000077357e948,0x0000000773580000)
  to   space 13824K, 0% used [0x0000000777b80000,0x0000000777b80000,0x0000000778900000)
 ParOldGen       total 103424K, used 11402K [0x00000006c0000000, 0x00000006c6500000, 0x000000076ab00000)
  object space 103424K, 11% used [0x00000006c0000000,0x00000006c0b22b48,0x00000006c6500000)
 Metaspace       used 31003K, capacity 31428K, committed 31744K, reserved 1077248K
  class space    used 3911K, capacity 4027K, committed 4096K, reserved 1048576K
Event: 3.163 GC heap after
Heap after GC invocations=7 (full 1):
 PSYoungGen      total 210944K, used 13820K [0x000000076ab00000, 0x0000000778b80000, 0x00000007c0000000)
  eden space 197120K, 0% used [0x000000076ab00000,0x000000076ab00000,0x0000000776b80000)
  from space 13824K, 99% used [0x0000000777b80000,0x00000007788ff178,0x0000000778900000)
  to   space 16384K, 0% used [0x0000000776b80000,0x0000000776b80000,0x0000000777b80000)
 ParOldGen       total 103424K, used 12806K [0x00000006c0000000, 0x00000006c6500000, 0x000000076ab00000)
  object space 103424K, 12% used [0x00000006c0000000,0x00000006c0c818d8,0x00000006c6500000)
 Metaspace       used 31003K, capacity 31428K, committed 31744K, reserved 1077248K
  class space    used 3911K, capacity 4027K, committed 4096K, reserved 1048576K
}
Event: 3.547 GC heap before
{Heap before GC invocations=8 (full 1):
 PSYoungGen      total 210944K, used 63934K [0x000000076ab00000, 0x0000000778b80000, 0x00000007c0000000)
  eden space 197120K, 25% used [0x000000076ab00000,0x000000076dbf07e0,0x0000000776b80000)
  from space 13824K, 99% used [0x0000000777b80000,0x00000007788ff178,0x0000000778900000)
  to   space 16384K, 0% used [0x0000000776b80000,0x0000000776b80000,0x0000000777b80000)
 ParOldGen       total 103424K, used 12806K [0x00000006c0000000, 0x00000006c6500000, 0x000000076ab00000)
  object space 103424K, 12% used [0x00000006c0000000,0x00000006c0c818d8,0x00000006c6500000)
 Metaspace       used 34944K, capacity 35338K, committed 35496K, reserved 1081344K
  class space    used 4506K, capacity 4604K, committed 4608K, reserved 1048576K
Event: 3.559 GC heap after
Heap after GC invocations=8 (full 1):
 PSYoungGen      total 213504K, used 16360K [0x000000076ab00000, 0x000000077f280000, 0x00000007c0000000)
  eden space 197120K, 0% used [0x000000076ab00000,0x000000076ab00000,0x0000000776b80000)
  from space 16384K, 99% used [0x0000000776b80000,0x0000000777b7a310,0x0000000777b80000)
  to   space 18432K, 0% used [0x000000077e080000,0x000000077e080000,0x000000077f280000)
 ParOldGen       total 103424K, used 13054K [0x00000006c0000000, 0x00000006c6500000, 0x000000076ab00000)
  object space 103424K, 12% used [0x00000006c0000000,0x00000006c0cbfb20,0x00000006c6500000)
 Metaspace       used 34944K, capacity 35338K, committed 35496K, reserved 1081344K
  class space    used 4506K, capacity 4604K, committed 4608K, reserved 1048576K
}
Event: 3.559 GC heap before
{Heap before GC invocations=9 (full 2):
 PSYoungGen      total 213504K, used 16360K [0x000000076ab00000, 0x000000077f280000, 0x00000007c0000000)
  eden space 197120K, 0% used [0x000000076ab00000,0x000000076ab00000,0x0000000776b80000)
  from space 16384K, 99% used [0x0000000776b80000,0x0000000777b7a310,0x0000000777b80000)
  to   space 18432K, 0% used [0x000000077e080000,0x000000077e080000,0x000000077f280000)
 ParOldGen       total 103424K, used 13054K [0x00000006c0000000, 0x00000006c6500000, 0x000000076ab00000)
  object space 103424K, 12% used [0x00000006c0000000,0x00000006c0cbfb20,0x00000006c6500000)
 Metaspace       used 34944K, capacity 35338K, committed 35496K, reserved 1081344K
  class space    used 4506K, capacity 4604K, committed 4608K, reserved 1048576K
Event: 3.604 GC heap after
Heap after GC invocations=9 (full 2):
 PSYoungGen      total 213504K, used 0K [0x000000076ab00000, 0x000000077f280000, 0x00000007c0000000)
  eden space 197120K, 0% used [0x000000076ab00000,0x000000076ab00000,0x0000000776b80000)
  from space 16384K, 0% used [0x0000000776b80000,0x0000000776b80000,0x0000000777b80000)
  to   space 18432K, 0% used [0x000000077e080000,0x000000077e080000,0x000000077f280000)
 ParOldGen       total 165888K, used 24037K [0x00000006c0000000, 0x00000006ca200000, 0x000000076ab00000)
  object space 165888K, 14% used [0x00000006c0000000,0x00000006c1779698,0x00000006ca200000)
 Metaspace       used 34944K, capacity 35338K, committed 35496K, reserved 1081344K
  class space    used 4506K, capacity 4604K, committed 4608K, reserved 1048576K
}
Event: 5.427 GC heap before
{Heap before GC invocations=10 (full 2):
 PSYoungGen      total 213504K, used 197120K [0x000000076ab00000, 0x000000077f280000, 0x00000007c0000000)
  eden space 197120K, 100% used [0x000000076ab00000,0x0000000776b80000,0x0000000776b80000)
  from space 16384K, 0% used [0x0000000776b80000,0x0000000776b80000,0x0000000777b80000)
  to   space 18432K, 0% used [0x000000077e080000,0x000000077e080000,0x000000077f280000)
 ParOldGen       total 165888K, used 24037K [0x00000006c0000000, 0x00000006ca200000, 0x000000076ab00000)
  object space 165888K, 14% used [0x00000006c0000000,0x00000006c1779698,0x00000006ca200000)
 Metaspace       used 41865K, capacity 42346K, committed 42752K, reserved 1087488K
  class space    used 5469K, capacity 5580K, committed 5632K, reserved 1048576K
Event: 5.438 GC heap after
Heap after GC invocations=10 (full 2):
 PSYoungGen      total 302080K, used 13294K [0x000000076ab00000, 0x000000077ed80000, 0x00000007c0000000)
  eden space 288768K, 0% used [0x000000076ab00000,0x000000076ab00000,0x000000077c500000)
  from space 13312K, 99% used [0x000000077e080000,0x000000077ed7b800,0x000000077ed80000)
  to   space 18432K, 0% used [0x000000077c980000,0x000000077c980000,0x000000077db80000)
 ParOldGen       total 165888K, used 24045K [0x00000006c0000000, 0x00000006ca200000, 0x000000076ab00000)
  object space 165888K, 14% used [0x00000006c0000000,0x00000006c177b698,0x00000006ca200000)
 Metaspace       used 41865K, capacity 42346K, committed 42752K, reserved 1087488K
  class space    used 5469K, capacity 5580K, committed 5632K, reserved 1048576K
}

